<?xml version="1.0" encoding="UTF-8"?>
<testng-results ignored="0" total="1" passed="0" failed="1" skipped="0">
  <reporter-output>
  </reporter-output>
  <suite started-at="2023-05-30T20:11:49 CEST" name="Default suite" finished-at="2023-05-30T20:11:59 CEST" duration-ms="9771">
    <groups>
      <group name="cucumber">
        <method signature="AbstractTestNGCucumberTests.runScenario(io.cucumber.testng.PickleWrapper,io.cucumber.testng.FeatureWrapper)[pri:0, instance:cucumberOptions.FailedTestExecutionsRunner@2cb4893b]" name="runScenario" class="io.cucumber.testng.AbstractTestNGCucumberTests"/>
      </group> <!-- cucumber -->
    </groups>
    <test started-at="2023-05-30T20:11:49 CEST" name="Default test" finished-at="2023-05-30T20:11:59 CEST" duration-ms="9771">
      <class name="cucumberOptions.FailedTestExecutionsRunner">
        <test-method is-config="true" signature="setUpClass(org.testng.ITestContext)[pri:0, instance:cucumberOptions.FailedTestExecutionsRunner@2cb4893b]" started-at="2023-05-30T20:11:49 CEST" name="setUpClass" finished-at="2023-05-30T20:11:50 CEST" duration-ms="883" status="PASS">
          <params>
            <param index="0">
              <value>
                <![CDATA[org.testng.TestRunner@3a543f31]]>
              </value>
            </param>
          </params>
          <reporter-output>
          </reporter-output>
        </test-method> <!-- setUpClass -->
        <test-method signature="runScenario(io.cucumber.testng.PickleWrapper,io.cucumber.testng.FeatureWrapper)[pri:0, instance:cucumberOptions.FailedTestExecutionsRunner@2cb4893b]" started-at="2023-05-30T20:11:50 CEST" name="runScenario" description="Runs Cucumber Scenarios" data-provider="scenarios" finished-at="2023-05-30T20:11:58 CEST" duration-ms="8391" status="FAIL">
          <params>
            <param index="0">
              <value>
                <![CDATA["Check the solution for searching a product"]]>
              </value>
            </param>
            <param index="1">
              <value>
                <![CDATA["Search and place the order for the products"]]>
              </value>
            </param>
          </params>
          <exception class="java.lang.AssertionError">
            <message>
              <![CDATA[expected [Beetroot] but found [No data]]]>
            </message>
            <full-stacktrace>
              <![CDATA[java.lang.AssertionError: expected [Beetroot] but found [No data]
at org.testng.Assert.fail(Assert.java:110)
at org.testng.Assert.failNotEquals(Assert.java:1577)
at org.testng.Assert.assertEqualsImpl(Assert.java:149)
at org.testng.Assert.assertEquals(Assert.java:131)
at org.testng.Assert.assertEquals(Assert.java:655)
at org.testng.Assert.assertEquals(Assert.java:665)
at stepDefinitions.OffersPageStepDefinitions.validate_product_name_in_offers_page_matches_with_Landing_page(OffersPageStepDefinitions.java:40)
at âœ½.validate product name in offers page matches with Landing page(file:///C:/Users/borja/Desktop/Cucumber%20with%20Java/workspace-cucumber/CucumberFramework/src/test/java/features/searchProductSolution.feature:8)
]]>
            </full-stacktrace>
          </exception> <!-- java.lang.AssertionError -->
          <reporter-output>
          </reporter-output>
        </test-method> <!-- runScenario -->
        <test-method is-config="true" signature="tearDownClass()[pri:0, instance:cucumberOptions.FailedTestExecutionsRunner@2cb4893b]" started-at="2023-05-30T20:11:58 CEST" name="tearDownClass" finished-at="2023-05-30T20:11:59 CEST" duration-ms="438" status="PASS">
          <reporter-output>
          </reporter-output>
        </test-method> <!-- tearDownClass -->
      </class> <!-- cucumberOptions.FailedTestExecutionsRunner -->
    </test> <!-- Default test -->
  </suite> <!-- Default suite -->
</testng-results>
