<?xml version="1.0" encoding="UTF-8"?>
<testng-results ignored="0" total="4" passed="2" failed="2" skipped="0">
  <reporter-output>
  </reporter-output>
  <suite started-at="2023-06-01T18:48:39 CEST" name="Surefire suite" finished-at="2023-06-01T18:49:05 CEST" duration-ms="25443">
    <groups>
      <group name="cucumber">
        <method signature="AbstractTestNGCucumberTests.runScenario(io.cucumber.testng.PickleWrapper,io.cucumber.testng.FeatureWrapper)[pri:0, instance:cucumberOptions.TestNGRunner@16a0ee18]" name="runScenario" class="io.cucumber.testng.AbstractTestNGCucumberTests"/>
        <method signature="AbstractTestNGCucumberTests.runScenario(io.cucumber.testng.PickleWrapper,io.cucumber.testng.FeatureWrapper)[pri:0, instance:cucumberOptions.TestNGRunnerSolution@16610890]" name="runScenario" class="io.cucumber.testng.AbstractTestNGCucumberTests"/>
      </group> <!-- cucumber -->
    </groups>
    <test started-at="2023-06-01T18:48:39 CEST" name="Surefire test" finished-at="2023-06-01T18:49:05 CEST" duration-ms="25443">
      <class name="cucumberOptions.TestNGRunnerSolution">
        <test-method is-config="true" signature="setUpClass(org.testng.ITestContext)[pri:0, instance:cucumberOptions.TestNGRunnerSolution@16610890]" started-at="2023-06-01T18:48:55 CEST" name="setUpClass" finished-at="2023-06-01T18:48:56 CEST" duration-ms="889" status="PASS">
          <params>
            <param index="0">
              <value>
                <![CDATA[org.testng.TestRunner@6dd79214]]>
              </value>
            </param>
          </params>
          <reporter-output>
          </reporter-output>
        </test-method> <!-- setUpClass -->
        <test-method signature="runScenario(io.cucumber.testng.PickleWrapper,io.cucumber.testng.FeatureWrapper)[pri:0, instance:cucumberOptions.TestNGRunnerSolution@16610890]" started-at="2023-06-01T18:48:56 CEST" name="runScenario" description="Runs Cucumber Scenarios" data-provider="scenarios" finished-at="2023-06-01T18:49:04 CEST" duration-ms="7866" status="PASS">
          <params>
            <param index="0">
              <value>
                <![CDATA["Check the solution for searching a product"]]>
              </value>
            </param>
            <param index="1">
              <value>
                <![CDATA["Search and place the order for the products"]]>
              </value>
            </param>
          </params>
          <reporter-output>
          </reporter-output>
        </test-method> <!-- runScenario -->
        <test-method signature="runScenario(io.cucumber.testng.PickleWrapper,io.cucumber.testng.FeatureWrapper)[pri:0, instance:cucumberOptions.TestNGRunnerSolution@16610890]" started-at="2023-06-01T18:48:56 CEST" name="runScenario" description="Runs Cucumber Scenarios" data-provider="scenarios" finished-at="2023-06-01T18:49:04 CEST" duration-ms="8319" status="FAIL">
          <params>
            <param index="0">
              <value>
                <![CDATA["Check the solution for searching a product"]]>
              </value>
            </param>
            <param index="1">
              <value>
                <![CDATA["Search and place the order for the products"]]>
              </value>
            </param>
          </params>
          <exception class="java.lang.AssertionError">
            <message>
              <![CDATA[expected [Beetroot] but found [No data]]]>
            </message>
            <full-stacktrace>
              <![CDATA[java.lang.AssertionError: expected [Beetroot] but found [No data]
at org.testng.Assert.fail(Assert.java:110)
at org.testng.Assert.failNotEquals(Assert.java:1577)
at org.testng.Assert.assertEqualsImpl(Assert.java:149)
at org.testng.Assert.assertEquals(Assert.java:131)
at org.testng.Assert.assertEquals(Assert.java:655)
at org.testng.Assert.assertEquals(Assert.java:665)
at stepDefinitions.OffersPageStepDefinitions.validate_product_name_in_offers_page_matches_with_Landing_page(OffersPageStepDefinitions.java:40)
at ✽.validate product name in offers page matches with Landing page(file:///C:/Users/borja/Desktop/Cucumber%20with%20Java/workspace-cucumber/CucumberFramework/src/test/java/features/searchProductSolution.feature:8)
]]>
            </full-stacktrace>
          </exception> <!-- java.lang.AssertionError -->
          <reporter-output>
          </reporter-output>
        </test-method> <!-- runScenario -->
        <test-method is-config="true" signature="tearDownClass()[pri:0, instance:cucumberOptions.TestNGRunnerSolution@16610890]" started-at="2023-06-01T18:49:04 CEST" name="tearDownClass" finished-at="2023-06-01T18:49:05 CEST" duration-ms="553" status="PASS">
          <reporter-output>
          </reporter-output>
        </test-method> <!-- tearDownClass -->
      </class> <!-- cucumberOptions.TestNGRunnerSolution -->
      <class name="cucumberOptions.TestNGRunner">
        <test-method is-config="true" signature="setUpClass(org.testng.ITestContext)[pri:0, instance:cucumberOptions.TestNGRunner@16a0ee18]" started-at="2023-06-01T18:48:39 CEST" name="setUpClass" finished-at="2023-06-01T18:48:40 CEST" duration-ms="331" status="PASS">
          <params>
            <param index="0">
              <value>
                <![CDATA[org.testng.TestRunner@6dd79214]]>
              </value>
            </param>
          </params>
          <reporter-output>
          </reporter-output>
        </test-method> <!-- setUpClass -->
        <test-method signature="runScenario(io.cucumber.testng.PickleWrapper,io.cucumber.testng.FeatureWrapper)[pri:0, instance:cucumberOptions.TestNGRunner@16a0ee18]" started-at="2023-06-01T18:48:40 CEST" name="runScenario" description="Runs Cucumber Scenarios" data-provider="scenarios" finished-at="2023-06-01T18:48:48 CEST" duration-ms="8139" status="PASS">
          <params>
            <param index="0">
              <value>
                <![CDATA["Check the solution for searching a product"]]>
              </value>
            </param>
            <param index="1">
              <value>
                <![CDATA["Search and place the order for the products"]]>
              </value>
            </param>
          </params>
          <reporter-output>
          </reporter-output>
        </test-method> <!-- runScenario -->
        <test-method signature="runScenario(io.cucumber.testng.PickleWrapper,io.cucumber.testng.FeatureWrapper)[pri:0, instance:cucumberOptions.TestNGRunner@16a0ee18]" started-at="2023-06-01T18:48:48 CEST" name="runScenario" description="Runs Cucumber Scenarios" data-provider="scenarios" finished-at="2023-06-01T18:48:55 CEST" duration-ms="7122" status="FAIL">
          <params>
            <param index="0">
              <value>
                <![CDATA["Check the solution for searching a product"]]>
              </value>
            </param>
            <param index="1">
              <value>
                <![CDATA["Search and place the order for the products"]]>
              </value>
            </param>
          </params>
          <exception class="java.lang.AssertionError">
            <message>
              <![CDATA[expected [Beetroot] but found [No data]]]>
            </message>
            <full-stacktrace>
              <![CDATA[java.lang.AssertionError: expected [Beetroot] but found [No data]
at org.testng.Assert.fail(Assert.java:110)
at org.testng.Assert.failNotEquals(Assert.java:1577)
at org.testng.Assert.assertEqualsImpl(Assert.java:149)
at org.testng.Assert.assertEquals(Assert.java:131)
at org.testng.Assert.assertEquals(Assert.java:655)
at org.testng.Assert.assertEquals(Assert.java:665)
at stepDefinitions.OffersPageStepDefinitions.validate_product_name_in_offers_page_matches_with_Landing_page(OffersPageStepDefinitions.java:40)
at ✽.validate product name in offers page matches with Landing page(file:///C:/Users/borja/Desktop/Cucumber%20with%20Java/workspace-cucumber/CucumberFramework/src/test/java/features/searchProductSolution.feature:8)
]]>
            </full-stacktrace>
          </exception> <!-- java.lang.AssertionError -->
          <reporter-output>
          </reporter-output>
        </test-method> <!-- runScenario -->
        <test-method is-config="true" signature="tearDownClass()[pri:0, instance:cucumberOptions.TestNGRunner@16a0ee18]" started-at="2023-06-01T18:48:55 CEST" name="tearDownClass" finished-at="2023-06-01T18:48:55 CEST" duration-ms="9" status="PASS">
          <reporter-output>
          </reporter-output>
        </test-method> <!-- tearDownClass -->
      </class> <!-- cucumberOptions.TestNGRunner -->
    </test> <!-- Surefire test -->
  </suite> <!-- Surefire suite -->
</testng-results>
