<?xml version="1.0" encoding="UTF-8"?>
<!-- Generated by org.testng.reporters.JUnitReportReporter -->
<testsuite hostname="LAPTOP-90OMOL33" failures="1" tests="3" name="cucumberOptions.TestNGRunnerSolution" time="29.115" errors="0" timestamp="2023-05-30T20:10:43 CEST" skipped="0">
  <testcase classname="cucumberOptions.TestNGRunnerSolution" name="runScenario" time="8.860"/>
  <system-out/>
  <testcase classname="cucumberOptions.TestNGRunnerSolution" name="runScenario" time="10.026"/>
  <system-out/>
  <testcase classname="cucumberOptions.TestNGRunnerSolution" name="runScenario" time="10.229">
    <failure message="expected [Beetroot] but found [No data]" type="java.lang.AssertionError">
      <![CDATA[java.lang.AssertionError: expected [Beetroot] but found [No data]
at org.testng.Assert.fail(Assert.java:110)
at org.testng.Assert.failNotEquals(Assert.java:1577)
at org.testng.Assert.assertEqualsImpl(Assert.java:149)
at org.testng.Assert.assertEquals(Assert.java:131)
at org.testng.Assert.assertEquals(Assert.java:655)
at org.testng.Assert.assertEquals(Assert.java:665)
at stepDefinitions.OffersPageStepDefinitions.validate_product_name_in_offers_page_matches_with_Landing_page(OffersPageStepDefinitions.java:40)
at âœ½.validate product name in offers page matches with Landing page(file:///C:/Users/borja/Desktop/Cucumber%20with%20Java/workspace-cucumber/CucumberFramework/src/test/java/features/searchProductSolution.feature:8)
]]>
    </failure>
  </testcase> <!-- runScenario -->
  <system-out/>
</testsuite> <!-- cucumberOptions.TestNGRunnerSolution -->
